<?xml version="1.0" encoding="UTF-8"?>
<testsuite xmlns:xsi="http://www.w3.org/2001/XMLSchema-instance" xsi:noNamespaceSchemaLocation="https://maven.apache.org/surefire/maven-surefire-plugin/xsd/surefire-test-report-3.0.xsd" version="3.0" name="com.socialmedia.instagram.service.GraphApiExponentialBackoffPropertyTest" time="0.531" tests="9" errors="0" skipped="0" failures="0">
  <properties>
[...]
</properties>
  <testcase name="backoffGrowthRate shouldDoubleEachTime" classname="com.socialmedia.instagram.service.GraphApiExponentialBackoffPropertyTest" time="0.187">
    <system-out><![CDATA[timestamp = 2026-06-12T16:16:31.636402, GraphApiExponentialBackoffPropertyTest:backoffGrowthRate shouldDoubleEachTime = 
                              |-----------------------jqwik-----------------------
tries = 10                    | # of calls to property
checks = 10                   | # of not rejected calls
generation = EXHAUSTIVE       | parameters are exhaustively generated
after-failure = SAMPLE_FIRST  | try previously failed sample, then previous seed
when-fixed-seed = ALLOW       | fixing the random seed is allowed
edge-cases#mode = MIXIN       | edge cases are mixed in
edge-cases#total = 0          | # of all combined edge cases
edge-cases#tried = 0          | # of edge cases tried in current run
seed = 3831626507210165627    | random seed to reproduce generated values


]]></system-out>
  </testcase>
  <testcase name="nonRateLimitErrors shouldNotBeIdentifiedAsRetriable" classname="com.socialmedia.instagram.service.GraphApiExponentialBackoffPropertyTest" time="0.157">
    <system-out><![CDATA[timestamp = 2026-06-12T16:16:31.796403200, GraphApiExponentialBackoffPropertyTest:nonRateLimitErrors shouldNotBeIdentifiedAsRetriable = 
                              |-----------------------jqwik-----------------------
tries = 1000                  | # of calls to property
checks = 997                  | # of not rejected calls
generation = RANDOMIZED       | parameters are randomly generated
after-failure = SAMPLE_FIRST  | try previously failed sample, then previous seed
when-fixed-seed = ALLOW       | fixing the random seed is allowed
edge-cases#mode = MIXIN       | edge cases are mixed in
edge-cases#total = 8          | # of all combined edge cases
edge-cases#tried = 8          | # of edge cases tried in current run
seed = -1959283636430811386   | random seed to reproduce generated values


]]></system-out>
  </testcase>
  <testcase name="backoffMultiplier shouldBeConsistent" classname="com.socialmedia.instagram.service.GraphApiExponentialBackoffPropertyTest" time="0.013">
    <system-out><![CDATA[timestamp = 2026-06-12T16:16:31.810327900, GraphApiExponentialBackoffPropertyTest:backoffMultiplier shouldBeConsistent = 
                              |-----------------------jqwik-----------------------
tries = 4                     | # of calls to property
checks = 4                    | # of not rejected calls
generation = EXHAUSTIVE       | parameters are exhaustively generated
after-failure = SAMPLE_FIRST  | try previously failed sample, then previous seed
when-fixed-seed = ALLOW       | fixing the random seed is allowed
edge-cases#mode = MIXIN       | edge cases are mixed in
edge-cases#total = 0          | # of all combined edge cases
edge-cases#tried = 0          | # of edge cases tried in current run
seed = 6800471629279569230    | random seed to reproduce generated values


]]></system-out>
  </testcase>
  <testcase name="exponentialBackoffConfiguration_shouldMatchRequirement15_2" classname="com.socialmedia.instagram.service.GraphApiExponentialBackoffPropertyTest" time="0.03">
    <system-out><![CDATA[timestamp = 2026-06-12T16:16:31.842329700, GraphApiExponentialBackoffPropertyTest:exponentialBackoffConfiguration shouldMatchRequirement15 2 = 
                              |-----------------------jqwik-----------------------
tries = 1000                  | # of calls to property
checks = 1000                 | # of not rejected calls
generation = RANDOMIZED       | parameters are randomly generated
after-failure = SAMPLE_FIRST  | try previously failed sample, then previous seed
when-fixed-seed = ALLOW       | fixing the random seed is allowed
edge-cases#mode = MIXIN       | edge cases are mixed in
edge-cases#total = 0          | # of all combined edge cases
edge-cases#tried = 0          | # of edge cases tried in current run
seed = -7133228198390298889   | random seed to reproduce generated values


]]></system-out>
    <system-err><![CDATA[Jun 12, 2026 4:16:31 PM net.jqwik.engine.execution.CheckedProperty maybeWarnOnMultipleTriesWithoutForallParameters
WARNING: Running Property [GraphApiExponentialBackoffPropertyTest:exponentialBackoffConfiguration shouldMatchRequirement15 2] in container [com.socialmedia.instagram.service.GraphApiExponentialBackoffPropertyTest] without any @ForAll parameters for 1000 tries.
    Maybe you want to change it into an @Example?
]]></system-err>
  </testcase>
  <testcase name="retryDelays_shouldBeWithinReasonableBounds" classname="com.socialmedia.instagram.service.GraphApiExponentialBackoffPropertyTest" time="0.013">
    <system-out><![CDATA[timestamp = 2026-06-12T16:16:31.855343200, GraphApiExponentialBackoffPropertyTest:retryDelays shouldBeWithinReasonableBounds = 
                              |-----------------------jqwik-----------------------
tries = 1000                  | # of calls to property
checks = 1000                 | # of not rejected calls
generation = RANDOMIZED       | parameters are randomly generated
after-failure = SAMPLE_FIRST  | try previously failed sample, then previous seed
when-fixed-seed = ALLOW       | fixing the random seed is allowed
edge-cases#mode = MIXIN       | edge cases are mixed in
edge-cases#total = 0          | # of all combined edge cases
edge-cases#tried = 0          | # of edge cases tried in current run
seed = 7853793808527069096    | random seed to reproduce generated values


]]></system-out>
    <system-err><![CDATA[Jun 12, 2026 4:16:31 PM net.jqwik.engine.execution.CheckedProperty maybeWarnOnMultipleTriesWithoutForallParameters
WARNING: Running Property [GraphApiExponentialBackoffPropertyTest:retryDelays shouldBeWithinReasonableBounds] in container [com.socialmedia.instagram.service.GraphApiExponentialBackoffPropertyTest] without any @ForAll parameters for 1000 tries.
    Maybe you want to change it into an @Example?
]]></system-err>
  </testcase>
  <testcase name="rateLimitErrors shouldTriggerRetryMechanism" classname="com.socialmedia.instagram.service.GraphApiExponentialBackoffPropertyTest" time="0.069">
    <system-out><![CDATA[timestamp = 2026-06-12T16:16:31.924328500, GraphApiExponentialBackoffPropertyTest:rateLimitErrors shouldTriggerRetryMechanism = 
                              |-----------------------jqwik-----------------------
tries = 1000                  | # of calls to property
checks = 1000                 | # of not rejected calls
generation = RANDOMIZED       | parameters are randomly generated
after-failure = SAMPLE_FIRST  | try previously failed sample, then previous seed
when-fixed-seed = ALLOW       | fixing the random seed is allowed
edge-cases#mode = MIXIN       | edge cases are mixed in
edge-cases#total = 4          | # of all combined edge cases
edge-cases#tried = 4          | # of edge cases tried in current run
seed = -3557623332911596947   | random seed to reproduce generated values


]]></system-out>
  </testcase>
  <testcase name="requirement15_2_backoffSequence_shouldBeExact" classname="com.socialmedia.instagram.service.GraphApiExponentialBackoffPropertyTest" time="0.013">
    <system-out><![CDATA[timestamp = 2026-06-12T16:16:31.938329700, GraphApiExponentialBackoffPropertyTest:requirement15 2 backoffSequence shouldBeExact = 
                              |-----------------------jqwik-----------------------
tries = 1000                  | # of calls to property
checks = 1000                 | # of not rejected calls
generation = RANDOMIZED       | parameters are randomly generated
after-failure = SAMPLE_FIRST  | try previously failed sample, then previous seed
when-fixed-seed = ALLOW       | fixing the random seed is allowed
edge-cases#mode = MIXIN       | edge cases are mixed in
edge-cases#total = 0          | # of all combined edge cases
edge-cases#tried = 0          | # of edge cases tried in current run
seed = 7996577078980784122    | random seed to reproduce generated values


]]></system-out>
    <system-err><![CDATA[Jun 12, 2026 4:16:31 PM net.jqwik.engine.execution.CheckedProperty maybeWarnOnMultipleTriesWithoutForallParameters
WARNING: Running Property [GraphApiExponentialBackoffPropertyTest:requirement15 2 backoffSequence shouldBeExact] in container [com.socialmedia.instagram.service.GraphApiExponentialBackoffPropertyTest] without any @ForAll parameters for 1000 tries.
    Maybe you want to change it into an @Example?
]]></system-err>
  </testcase>
  <testcase name="maxRetryAttempts_shouldBeThree" classname="com.socialmedia.instagram.service.GraphApiExponentialBackoffPropertyTest" time="0.012">
    <system-out><![CDATA[timestamp = 2026-06-12T16:16:31.951330500, GraphApiExponentialBackoffPropertyTest:maxRetryAttempts shouldBeThree = 
                              |-----------------------jqwik-----------------------
tries = 1000                  | # of calls to property
checks = 1000                 | # of not rejected calls
generation = RANDOMIZED       | parameters are randomly generated
after-failure = SAMPLE_FIRST  | try previously failed sample, then previous seed
when-fixed-seed = ALLOW       | fixing the random seed is allowed
edge-cases#mode = MIXIN       | edge cases are mixed in
edge-cases#total = 0          | # of all combined edge cases
edge-cases#tried = 0          | # of edge cases tried in current run
seed = -3427511091582745969   | random seed to reproduce generated values


]]></system-out>
    <system-err><![CDATA[Jun 12, 2026 4:16:31 PM net.jqwik.engine.execution.CheckedProperty maybeWarnOnMultipleTriesWithoutForallParameters
WARNING: Running Property [GraphApiExponentialBackoffPropertyTest:maxRetryAttempts shouldBeThree] in container [com.socialmedia.instagram.service.GraphApiExponentialBackoffPropertyTest] without any @ForAll parameters for 1000 tries.
    Maybe you want to change it into an @Example?
]]></system-err>
  </testcase>
  <testcase name="totalRetryTime_shouldBeSumOfAllDelays" classname="com.socialmedia.instagram.service.GraphApiExponentialBackoffPropertyTest" time="0.012">
    <system-out><![CDATA[timestamp = 2026-06-12T16:16:31.963340300, GraphApiExponentialBackoffPropertyTest:totalRetryTime shouldBeSumOfAllDelays = 
                              |-----------------------jqwik-----------------------
tries = 1000                  | # of calls to property
checks = 1000                 | # of not rejected calls
generation = RANDOMIZED       | parameters are randomly generated
after-failure = SAMPLE_FIRST  | try previously failed sample, then previous seed
when-fixed-seed = ALLOW       | fixing the random seed is allowed
edge-cases#mode = MIXIN       | edge cases are mixed in
edge-cases#total = 0          | # of all combined edge cases
edge-cases#tried = 0          | # of edge cases tried in current run
seed = -8751645352974540338   | random seed to reproduce generated values


]]></system-out>
    <system-err><![CDATA[Jun 12, 2026 4:16:31 PM net.jqwik.engine.execution.CheckedProperty maybeWarnOnMultipleTriesWithoutForallParameters
WARNING: Running Property [GraphApiExponentialBackoffPropertyTest:totalRetryTime shouldBeSumOfAllDelays] in container [com.socialmedia.instagram.service.GraphApiExponentialBackoffPropertyTest] without any @ForAll parameters for 1000 tries.
    Maybe you want to change it into an @Example?
]]></system-err>
  </testcase>
</testsuite>