<?xml version="1.0" encoding="UTF-8"?>
<testsuite xmlns:xsi="http://www.w3.org/2001/XMLSchema-instance" xsi:noNamespaceSchemaLocation="https://maven.apache.org/surefire/maven-surefire-plugin/xsd/surefire-test-report-3.0.xsd" version="3.0" name="com.socialmedia.instagram.service.MetricsCollectionServicePropertyTest" time="1.506" tests="1" errors="0" skipped="0" failures="0">
  <properties>
[...]
</properties>
  <testcase name="Property 19: Graph API Metrics Not Estimated" classname="com.socialmedia.instagram.service.MetricsCollectionServicePropertyTest" time="1.489">
    <system-out><![CDATA[15:59:56.843 [main] INFO com.socialmedia.instagram.service.MetricsCollectionService -- Collecting metrics for post: aaec0640-9ce6-49a0-9e01-60371e765b99
15:59:56.850 [main] INFO com.socialmedia.instagram.service.MetricsCollectionService -- Using Graph API for post aaec0640-9ce6-49a0-9e01-60371e765b99 (business account)
15:59:56.863 [main] INFO com.socialmedia.instagram.service.MetricsCollectionService -- Successfully collected metrics for post: aaec0640-9ce6-49a0-9e01-60371e765b99. Likes: 0, Comments: 0, Views: 0, Reach: 0, Impressions: 0, Estimated: false
15:59:56.939 [main] INFO com.socialmedia.instagram.service.MetricsCollectionService -- Collecting metrics for post: 0db1cc54-67ae-472c-9b92-552abfb0e4db
15:59:56.940 [main] INFO com.socialmedia.instagram.service.MetricsCollectionService -- Using Graph API for post 0db1cc54-67ae-472c-9b92-552abfb0e4db (business account)
15:59:56.940 [main] INFO com.socialmedia.instagram.service.MetricsCollectionService -- Successfully collected metrics for post: 0db1cc54-67ae-472c-9b92-552abfb0e4db. Likes: 0, Comments: 2, Views: 0, Reach: 0, Impressions: 0, Estimated: false
15:59:56.981 [main] INFO com.socialmedia.instagram.service.MetricsCollectionService -- Collecting metrics for post: e21ab7fc-4586-4a00-86d1-3a7551fb3b9e
15:59:56.981 [main] INFO com.socialmedia.instagram.service.MetricsCollectionService -- Using Graph API for post e21ab7fc-4586-4a00-86d1-3a7551fb3b9e (business account)
15:59:56.982 [main] INFO com.socialmedia.instagram.service.MetricsCollectionService -- Successfully collected metrics for post: e21ab7fc-4586-4a00-86d1-3a7551fb3b9e. Likes: 993, Comments: 1, Views: 1247712, Reach: 40535, Impressions: 122, Estimated: false
15:59:56.988 [main] INFO com.socialmedia.instagram.service.MetricsCollectionService -- Collecting metrics for post: d6a8ade3-df55-44f9-a583-3bb3e84d7656
15:59:56.988 [main] INFO com.socialmedia.instagram.service.MetricsCollectionService -- Using Graph API for post d6a8ade3-df55-44f9-a583-3bb3e84d7656 (business account)
15:59:56.989 [main] INFO com.socialmedia.instagram.service.MetricsCollectionService -- Successfully collected metrics for post: d6a8ade3-df55-44f9-a583-3bb3e84d7656. Likes: 10, Comments: 40, Views: 8265294, Reach: 4351107, Impressions: 51, Estimated: false
15:59:56.992 [main] INFO com.socialmedia.instagram.service.MetricsCollectionService -- Collecting metrics for post: d95714ae-ff45-495a-8a93-1886366416c3
15:59:56.992 [main] INFO com.socialmedia.instagram.service.MetricsCollectionService -- Using Graph API for post d95714ae-ff45-495a-8a93-1886366416c3 (business account)
15:59:56.993 [main] INFO com.socialmedia.instagram.service.MetricsCollectionService -- Successfully collected metrics for post: d95714ae-ff45-495a-8a93-1886366416c3. Likes: 0, Comments: 1, Views: 0, Reach: 0, Impressions: 0, Estimated: false
15:59:56.998 [main] INFO com.socialmedia.instagram.service.MetricsCollectionService -- Collecting metrics for post: 3d3d4f1d-8df4-4cd8-ae31-51ce5b6c911a
15:59:56.999 [main] INFO com.socialmedia.instagram.service.MetricsCollectionService -- Using Graph API for post 3d3d4f1d-8df4-4cd8-ae31-51ce5b6c911a (business account)
15:59:57.002 [main] INFO com.socialmedia.instagram.service.MetricsCollectionService -- Successfully collected metrics for post: 3d3d4f1d-8df4-4cd8-ae31-51ce5b6c911a. Likes: 1, Comments: 99999, Views: 0, Reach: 0, Impressions: 0, Estimated: false
15:59:57.010 [main] INFO com.socialmedia.instagram.service.MetricsCollectionService -- Collecting metrics for post: eba7f0e4-1c54-44a6-b11b-82796cf8a789
15:59:57.010 [main] INFO com.socialmedia.instagram.service.MetricsCollectionService -- Using Graph API for post eba7f0e4-1c54-44a6-b11b-82796cf8a789 (business account)
15:59:57.011 [main] INFO com.socialmedia.instagram.service.MetricsCollectionService -- Successfully collected metrics for post: eba7f0e4-1c54-44a6-b11b-82796cf8a789. Likes: 0, Comments: 0, Views: 0, Reach: 0, Impressions: 0, Estimated: false
15:59:57.016 [main] INFO com.socialmedia.instagram.service.MetricsCollectionService -- Collecting metrics for post: efb2e144-962e-44a1-b9b2-c73da97d78ed
15:59:57.016 [main] INFO com.socialmedia.instagram.service.MetricsCollectionService -- Using Graph API for post efb2e144-962e-44a1-b9b2-c73da97d78ed (business account)
15:59:57.016 [main] INFO com.socialmedia.instagram.service.MetricsCollectionService -- Successfully collected metrics for post: efb2e144-962e-44a1-b9b2-c73da97d78ed. Likes: 46615, Comments: 2455, Views: 24828, Reach: 9048, Impressions: 57108, Estimated: false
15:59:57.018 [main] INFO com.socialmedia.instagram.service.MetricsCollectionService -- Collecting metrics for post: 60d6ed3a-0c3d-4c82-8cd0-e472a4bba233
15:59:57.018 [main] INFO com.socialmedia.instagram.service.MetricsCollectionService -- Using Graph API for post 60d6ed3a-0c3d-4c82-8cd0-e472a4bba233 (business account)
15:59:57.019 [main] INFO com.socialmedia.instagram.service.MetricsCollectionService -- Successfully collected metrics for post: 60d6ed3a-0c3d-4c82-8cd0-e472a4bba233. Likes: 61, Comments: 5980, Views: 85367, Reach: 3, Impressions: 2, Estimated: false
15:59:57.020 [main] INFO com.socialmedia.instagram.service.MetricsCollectionService -- Collecting metrics for post: 17e93035-9213-41b8-90ff-c7e0c5ecafe5
15:59:57.021 [main] INFO com.socialmedia.instagram.service.MetricsCollectionService -- Using Graph API for post 17e93035-9213-41b8-90ff-c7e0c5ecafe5 (business account)
15:59:57.022 [main] INFO com.socialmedia.instagram.service.MetricsCollectionService -- Successfully collected metrics for post: 17e93035-9213-41b8-90ff-c7e0c5ecafe5. Likes: 0, Comments: 100000, Views: 0, Reach: 0, Impressions: 0, Estimated: false
15:59:57.025 [main] INFO com.socialmedia.instagram.service.MetricsCollectionService -- Collecting metrics for post: d787643d-8a26-48bb-8c07-56768d71757f
15:59:57.025 [main] INFO com.socialmedia.instagram.service.MetricsCollectionService -- Using Graph API for post d787643d-8a26-48bb-8c07-56768d71757f (business account)
15:59:57.025 [main] INFO com.socialmedia.instagram.service.MetricsCollectionService -- Successfully collected metrics for post: d787643d-8a26-48bb-8c07-56768d71757f. Likes: 102, Comments: 277, Views: 9510, Reach: 17268, Impressions: 374, Estimated: false
15:59:57.027 [main] INFO com.socialmedia.instagram.service.MetricsCollectionService -- Collecting metrics for post: bd93cb54-fc40-40a4-8828-6d3f83fd9d2b
15:59:57.027 [main] INFO com.socialmedia.instagram.service.MetricsCollectionService -- Using Graph API for post bd93cb54-fc40-40a4-8828-6d3f83fd9d2b (business account)
15:59:57.028 [main] INFO com.socialmedia.instagram.service.MetricsCollectionService -- Successfully collected metrics for post: bd93cb54-fc40-40a4-8828-6d3f83fd9d2b. Likes: 0, Comments: 99999, Views: 0, Reach: 0, Impressions: 0, Estimated: false
15:59:57.032 [main] INFO com.socialmedia.instagram.service.MetricsCollectionService -- Collecting metrics for post: 067c2145-5262-4762-a922-54e30a107b1d
15:59:57.032 [main] INFO com.socialmedia.instagram.service.MetricsCollectionService -- Using Graph API for post 067c2145-5262-4762-a922-54e30a107b1d (business account)
15:59:57.033 [main] INFO com.socialmedia.instagram.service.MetricsCollectionService -- Successfully collected metrics for post: 067c2145-5262-4762-a922-54e30a107b1d. Likes: 515880, Comments: 89998, Views: 60459, Reach: 221356, Impressions: 38605, Estimated: false
15:59:57.036 [main] INFO com.socialmedia.instagram.service.MetricsCollectionService -- Collecting metrics for post: 76875989-a254-43f7-af06-4d729ad93db6
15:59:57.037 [main] INFO com.socialmedia.instagram.service.MetricsCollectionService -- Using Graph API for post 76875989-a254-43f7-af06-4d729ad93db6 (business account)
15:59:57.037 [main] INFO com.socialmedia.instagram.service.MetricsCollectionService -- Successfully collected metrics for post: 76875989-a254-43f7-af06-4d729ad93db6. Likes: 7876, Comments: 359, Views: 622, Reach: 41750, Impressions: 1139, Estimated: false
15:59:57.039 [main] INFO com.socialmedia.instagram.service.MetricsCollectionService -- Collecting metrics for post: d972df89-d537-4ede-b06c-6f8214937ce5
15:59:57.040 [main] INFO com.socialmedia.instagram.service.MetricsCollectionService -- Using Graph API for post d972df89-d537-4ede-b06c-6f8214937ce5 (business account)
15:59:57.040 [main] INFO com.socialmedia.instagram.service.MetricsCollectionService -- Successfully collected metrics for post: d972df89-d537-4ede-b06c-6f8214937ce5. Likes: 901612, Comments: 1182, Views: 1196288, Reach: 118, Impressions: 89195, Estimated: false
15:59:57.043 [main] INFO com.socialmedia.instagram.service.MetricsCollectionService -- Collecting metrics for post: 4a415f7b-4a00-4b75-be17-f8555c7b837d
15:59:57.044 [main] INFO com.socialmedia.instagram.service.MetricsCollectionService -- Using Graph API for post 4a415f7b-4a00-4b75-be17-f8555c7b837d (business account)
15:59:57.044 [main] INFO com.socialmedia.instagram.service.MetricsCollectionService -- Successfully collected metrics for post: 4a415f7b-4a00-4b75-be17-f8555c7b837d. Likes: 27008, Comments: 12, Views: 147, Reach: 2961, Impressions: 169695, Estimated: false
15:59:57.046 [main] INFO com.socialmedia.instagram.service.MetricsCollectionService -- Collecting metrics for post: 67810d1e-b426-4958-b42c-4764381b866b
15:59:57.047 [main] INFO com.socialmedia.instagram.service.MetricsCollectionService -- Using Graph API for post 67810d1e-b426-4958-b42c-4764381b866b (business account)
15:59:57.047 [main] INFO com.socialmedia.instagram.service.MetricsCollectionService -- Successfully collected metrics for post: 67810d1e-b426-4958-b42c-4764381b866b. Likes: 1111, Comments: 43, Views: 868682, Reach: 0, Impressions: 78, Estimated: false
15:59:57.050 [main] INFO com.socialmedia.instagram.service.MetricsCollectionService -- Collecting metrics for post: fd31b312-cc67-49a6-96f7-e1492424a404
15:59:57.050 [main] INFO com.socialmedia.instagram.service.MetricsCollectionService -- Using Graph API for post fd31b312-cc67-49a6-96f7-e1492424a404 (business account)
15:59:57.051 [main] INFO com.socialmedia.instagram.service.MetricsCollectionService -- Successfully collected metrics for post: fd31b312-cc67-49a6-96f7-e1492424a404. Likes: 2, Comments: 100000, Views: 0, Reach: 0, Impressions: 0, Estimated: false
15:59:57.052 [main] INFO com.socialmedia.instagram.service.MetricsCollectionService -- Collecting metrics for post: 59b2cea5-f98b-4c2f-b1a7-cfe38353696f
15:59:57.053 [main] INFO com.socialmedia.instagram.service.MetricsCollectionService -- Using Graph API for post 59b2cea5-f98b-4c2f-b1a7-cfe38353696f (business account)
15:59:57.053 [main] INFO com.socialmedia.instagram.service.MetricsCollectionService -- Successfully collected metrics for post: 59b2cea5-f98b-4c2f-b1a7-cfe38353696f. Likes: 768035, Comments: 71996, Views: 6071, Reach: 21, Impressions: 1004, Estimated: false
15:59:57.054 [main] INFO com.socialmedia.instagram.service.MetricsCollectionService -- Collecting metrics for post: 63fb2ff8-35fa-45e9-a03a-9838eca197d0
15:59:57.055 [main] INFO com.socialmedia.instagram.service.MetricsCollectionService -- Using Graph API for post 63fb2ff8-35fa-45e9-a03a-9838eca197d0 (business account)
15:59:57.056 [main] INFO com.socialmedia.instagram.service.MetricsCollectionService -- Successfully collected metrics for post: 63fb2ff8-35fa-45e9-a03a-9838eca197d0. Likes: 154967, Comments: 1528, Views: 8003029, Reach: 562642, Impressions: 284, Estimated: false
15:59:57.058 [main] INFO com.socialmedia.instagram.service.MetricsCollectionService -- Collecting metrics for post: 570e537e-666c-4385-a1cc-d877027a3ab5
15:59:57.058 [main] INFO com.socialmedia.instagram.service.MetricsCollectionService -- Using Graph API for post 570e537e-666c-4385-a1cc-d877027a3ab5 (business account)
15:59:57.059 [main] INFO com.socialmedia.instagram.service.MetricsCollectionService -- Successfully collected metrics for post: 570e537e-666c-4385-a1cc-d877027a3ab5. Likes: 50234, Comments: 24344, Views: 40, Reach: 4200, Impressions: 34, Estimated: false
15:59:57.061 [main] INFO com.socialmedia.instagram.service.MetricsCollectionService -- Collecting metrics for post: 812be0f4-3798-40ee-a436-f629b5d49802
15:59:57.061 [main] INFO com.socialmedia.instagram.service.MetricsCollectionService -- Using Graph API for post 812be0f4-3798-40ee-a436-f629b5d49802 (business account)
15:59:57.061 [main] INFO com.socialmedia.instagram.service.MetricsCollectionService -- Successfully collected metrics for post: 812be0f4-3798-40ee-a436-f629b5d49802. Likes: 2, Comments: 0, Views: 0, Reach: 0, Impressions: 0, Estimated: false
15:59:57.063 [main] INFO com.socialmedia.instagram.service.MetricsCollectionService -- Collecting metrics for post: df0b589a-281b-4514-b1db-149858d7415b
15:59:57.063 [main] INFO com.socialmedia.instagram.service.MetricsCollectionService -- Using Graph API for post df0b589a-281b-4514-b1db-149858d7415b (business account)
15:59:57.063 [main] INFO com.socialmedia.instagram.service.MetricsCollectionService -- Successfully collected metrics for post: df0b589a-281b-4514-b1db-149858d7415b. Likes: 2, Comments: 2, Views: 0, Reach: 0, Impressions: 0, Estimated: false
15:59:57.065 [main] INFO com.socialmedia.instagram.service.MetricsCollectionService -- Collecting metrics for post: c2a97843-bd95-4c7e-8582-42b6876d3589
15:59:57.065 [main] INFO com.socialmedia.instagram.service.MetricsCollectionService -- Using Graph API for post c2a97843-bd95-4c7e-8582-42b6876d3589 (business account)
15:59:57.066 [main] INFO com.socialmedia.instagram.service.MetricsCollectionService -- Successfully collected metrics for post: c2a97843-bd95-4c7e-8582-42b6876d3589. Likes: 3301, Comments: 7545, Views: 31899, Reach: 3, Impressions: 5217, Estimated: false
15:59:57.067 [main] INFO com.socialmedia.instagram.service.MetricsCollectionService -- Collecting metrics for post: d4da33d0-4d11-4809-92bd-8cdf53f3369e
15:59:57.067 [main] INFO com.socialmedia.instagram.service.MetricsCollectionService -- Using Graph API for post d4da33d0-4d11-4809-92bd-8cdf53f3369e (business account)
15:59:57.067 [main] INFO com.socialmedia.instagram.service.MetricsCollectionService -- Successfully collected metrics for post: d4da33d0-4d11-4809-92bd-8cdf53f3369e. Likes: 2, Comments: 1, Views: 0, Reach: 0, Impressions: 0, Estimated: false
15:59:57.068 [main] INFO com.socialmedia.instagram.service.MetricsCollectionService -- Collecting metrics for post: b60a44dd-ebdb-4078-a498-9a0c1caa66bb
15:59:57.068 [main] INFO com.socialmedia.instagram.service.MetricsCollectionService -- Using Graph API for post b60a44dd-ebdb-4078-a498-9a0c1caa66bb (business account)
15:59:57.068 [main] INFO com.socialmedia.instagram.service.MetricsCollectionService -- Successfully collected metrics for post: b60a44dd-ebdb-4078-a498-9a0c1caa66bb. Likes: 2, Comments: 100000, Views: 0, Reach: 0, Impressions: 0, Estimated: false
15:59:57.071 [main] INFO com.socialmedia.instagram.service.MetricsCollectionService -- Collecting metrics for post: b9747eb9-60f9-4a17-88c4-a179fe68d371
15:59:57.071 [main] INFO com.socialmedia.instagram.service.MetricsCollectionService -- Using Graph API for post b9747eb9-60f9-4a17-88c4-a179fe68d371 (business account)
15:59:57.071 [main] INFO com.socialmedia.instagram.service.MetricsCollectionService -- Successfully collected metrics for post: b9747eb9-60f9-4a17-88c4-a179fe68d371. Likes: 53, Comments: 8174, Views: 2, Reach: 236775, Impressions: 8529, Estimated: false
15:59:57.073 [main] INFO com.socialmedia.instagram.service.MetricsCollectionService -- Collecting metrics for post: 061a3cb6-66a5-4c50-b59e-977a1dd0b9dd
15:59:57.073 [main] INFO com.socialmedia.instagram.service.MetricsCollectionService -- Using Graph API for post 061a3cb6-66a5-4c50-b59e-977a1dd0b9dd (business account)
15:59:57.073 [main] INFO com.socialmedia.instagram.service.MetricsCollectionService -- Successfully collected metrics for post: 061a3cb6-66a5-4c50-b59e-977a1dd0b9dd. Likes: 1469, Comments: 30, Views: 858952, Reach: 39, Impressions: 8055361, Estimated: false
15:59:57.075 [main] INFO com.socialmedia.instagram.service.MetricsCollectionService -- Collecting metrics for post: a530f5e7-5952-4bbc-8db3-3e1ccb7a2d84
15:59:57.075 [main] INFO com.socialmedia.instagram.service.MetricsCollectionService -- Using Graph API for post a530f5e7-5952-4bbc-8db3-3e1ccb7a2d84 (business account)
15:59:57.075 [main] INFO com.socialmedia.instagram.service.MetricsCollectionService -- Successfully collected metrics for post: a530f5e7-5952-4bbc-8db3-3e1ccb7a2d84. Likes: 20, Comments: 336, Views: 1165, Reach: 484973, Impressions: 923, Estimated: false
15:59:57.078 [main] INFO com.socialmedia.instagram.service.MetricsCollectionService -- Collecting metrics for post: 1ffa935d-d077-4c6c-85a5-3edecde14525
15:59:57.078 [main] INFO com.socialmedia.instagram.service.MetricsCollectionService -- Using Graph API for post 1ffa935d-d077-4c6c-85a5-3edecde14525 (business account)
15:59:57.078 [main] INFO com.socialmedia.instagram.service.MetricsCollectionService -- Successfully collected metrics for post: 1ffa935d-d077-4c6c-85a5-3edecde14525. Likes: 8403, Comments: 3, Views: 1014065, Reach: 3033588, Impressions: 162115, Estimated: false
15:59:57.080 [main] INFO com.socialmedia.instagram.service.MetricsCollectionService -- Collecting metrics for post: 7b863c5a-395f-43e0-a8bb-8f45e413f903
15:59:57.080 [main] INFO com.socialmedia.instagram.service.MetricsCollectionService -- Using Graph API for post 7b863c5a-395f-43e0-a8bb-8f45e413f903 (business account)
15:59:57.080 [main] INFO com.socialmedia.instagram.service.MetricsCollectionService -- Successfully collected metrics for post: 7b863c5a-395f-43e0-a8bb-8f45e413f903. Likes: 1016, Comments: 364, Views: 9, Reach: 10469, Impressions: 9895, Estimated: false
15:59:57.081 [main] INFO com.socialmedia.instagram.service.MetricsCollectionService -- Collecting metrics for post: d7817d1e-257b-4a13-bc8f-fcd0ab6fdf4e
15:59:57.081 [main] INFO com.socialmedia.instagram.service.MetricsCollectionService -- Using Graph API for post d7817d1e-257b-4a13-bc8f-fcd0ab6fdf4e (business account)
15:59:57.081 [main] INFO com.socialmedia.instagram.service.MetricsCollectionService -- Successfully collected metrics for post: d7817d1e-257b-4a13-bc8f-fcd0ab6fdf4e. Likes: 302959, Comments: 8717, Views: 6323, Reach: 3531, Impressions: 95, Estimated: false
15:59:57.083 [main] INFO com.socialmedia.instagram.service.MetricsCollectionService -- Collecting metrics for post: 50f2e047-a673-440b-b279-b26a0def2cb0
15:59:57.083 [main] INFO com.socialmedia.instagram.service.MetricsCollectionService -- Using Graph API for post 50f2e047-a673-440b-b279-b26a0def2cb0 (business account)
15:59:57.083 [main] INFO com.socialmedia.instagram.service.MetricsCollectionService -- Successfully collected metrics for post: 50f2e047-a673-440b-b279-b26a0def2cb0. Likes: 0, Comments: 99999, Views: 0, Reach: 0, Impressions: 0, Estimated: false
15:59:57.085 [main] INFO com.socialmedia.instagram.service.MetricsCollectionService -- Collecting metrics for post: 8d087276-800c-434f-96c8-82033b74209d
15:59:57.085 [main] INFO com.socialmedia.instagram.service.MetricsCollectionService -- Using Graph API for post 8d087276-800c-434f-96c8-82033b74209d (business account)
15:59:57.085 [main] INFO com.socialmedia.instagram.service.MetricsCollectionService -- Successfully collected metrics for post: 8d087276-800c-434f-96c8-82033b74209d. Likes: 3907, Comments: 1877, Views: 4643722, Reach: 793051, Impressions: 2156, Estimated: false
15:59:57.086 [main] INFO com.socialmedia.instagram.service.MetricsCollectionService -- Collecting metrics for post: aa5d86e3-e4b8-40b8-b86e-f75d54f473e6
15:59:57.086 [main] INFO com.socialmedia.instagram.service.MetricsCollectionService -- Using Graph API for post aa5d86e3-e4b8-40b8-b86e-f75d54f473e6 (business account)
15:59:57.087 [main] INFO com.socialmedia.instagram.service.MetricsCollectionService -- Successfully collected metrics for post: aa5d86e3-e4b8-40b8-b86e-f75d54f473e6. Likes: 326, Comments: 2854, Views: 23, Reach: 718644, Impressions: 755617, Estimated: false
15:59:57.088 [main] INFO com.socialmedia.instagram.service.MetricsCollectionService -- Collecting metrics for post: 2ed13a3d-fbd8-48b4-a911-213525d2edce
15:59:57.088 [main] INFO com.socialmedia.instagram.service.MetricsCollectionService -- Using Graph API for post 2ed13a3d-fbd8-48b4-a911-213525d2edce (business account)
15:59:57.088 [main] INFO com.socialmedia.instagram.service.MetricsCollectionService -- Successfully collected metrics for post: 2ed13a3d-fbd8-48b4-a911-213525d2edce. Likes: 1336, Comments: 38, Views: 72, Reach: 94384, Impressions: 28, Estimated: false
15:59:57.089 [main] INFO com.socialmedia.instagram.service.MetricsCollectionService -- Collecting metrics for post: 668238ff-e474-4a0a-97c5-e49de823fe6a
15:59:57.089 [main] INFO com.socialmedia.instagram.service.MetricsCollectionService -- Using Graph API for post 668238ff-e474-4a0a-97c5-e49de823fe6a (business account)
15:59:57.089 [main] INFO com.socialmedia.instagram.service.MetricsCollectionService -- Successfully collected metrics for post: 668238ff-e474-4a0a-97c5-e49de823fe6a. Likes: 3, Comments: 108, Views: 101, Reach: 744, Impressions: 3758498, Estimated: false
15:59:57.092 [main] INFO com.socialmedia.instagram.service.MetricsCollectionService -- Collecting metrics for post: 6ed4ea4e-0151-4260-a73d-03e9ffa62c50
15:59:57.093 [main] INFO com.socialmedia.instagram.service.MetricsCollectionService -- Using Graph API for post 6ed4ea4e-0151-4260-a73d-03e9ffa62c50 (business account)
15:59:57.093 [main] INFO com.socialmedia.instagram.service.MetricsCollectionService -- Successfully collected metrics for post: 6ed4ea4e-0151-4260-a73d-03e9ffa62c50. Likes: 10, Comments: 250, Views: 110, Reach: 10150, Impressions: 10451, Estimated: false
15:59:57.094 [main] INFO com.socialmedia.instagram.service.MetricsCollectionService -- Collecting metrics for post: 498b71c0-0ff7-42d4-9f31-a52f6d87deaf
15:59:57.094 [main] INFO com.socialmedia.instagram.service.MetricsCollectionService -- Using Graph API for post 498b71c0-0ff7-42d4-9f31-a52f6d87deaf (business account)
15:59:57.094 [main] INFO com.socialmedia.instagram.service.MetricsCollectionService -- Successfully collected metrics for post: 498b71c0-0ff7-42d4-9f31-a52f6d87deaf. Likes: 14908, Comments: 3558, Views: 241077, Reach: 194, Impressions: 7070872, Estimated: false
15:59:57.095 [main] INFO com.socialmedia.instagram.service.MetricsCollectionService -- Collecting metrics for post: 0b4272e6-fb70-49f2-9fa2-4f4bc2bcd512
15:59:57.095 [main] INFO com.socialmedia.instagram.service.MetricsCollectionService -- Using Graph API for post 0b4272e6-fb70-49f2-9fa2-4f4bc2bcd512 (business account)
15:59:57.096 [main] INFO com.socialmedia.instagram.service.MetricsCollectionService -- Successfully collected metrics for post: 0b4272e6-fb70-49f2-9fa2-4f4bc2bcd512. Likes: 2, Comments: 99999, Views: 0, Reach: 0, Impressions: 0, Estimated: false
15:59:57.098 [main] INFO com.socialmedia.instagram.service.MetricsCollectionService -- Collecting metrics for post: dcf3c741-4776-4f1d-ab67-d966d83655df
15:59:57.098 [main] INFO com.socialmedia.instagram.service.MetricsCollectionService -- Using Graph API for post dcf3c741-4776-4f1d-ab67-d966d83655df (business account)
15:59:57.098 [main] INFO com.socialmedia.instagram.service.MetricsCollectionService -- Successfully collected metrics for post: dcf3c741-4776-4f1d-ab67-d966d83655df. Likes: 568, Comments: 8516, Views: 21, Reach: 133, Impressions: 49230, Estimated: false
15:59:57.100 [main] INFO com.socialmedia.instagram.service.MetricsCollectionService -- Collecting metrics for post: b276f320-c987-4204-bd92-5d0048d0bdf0
15:59:57.100 [main] INFO com.socialmedia.instagram.service.MetricsCollectionService -- Using Graph API for post b276f320-c987-4204-bd92-5d0048d0bdf0 (business account)
15:59:57.100 [main] INFO com.socialmedia.instagram.service.MetricsCollectionService -- Successfully collected metrics for post: b276f320-c987-4204-bd92-5d0048d0bdf0. Likes: 14105, Comments: 339, Views: 10623, Reach: 50, Impressions: 59468, Estimated: false
15:59:57.101 [main] INFO com.socialmedia.instagram.service.MetricsCollectionService -- Collecting metrics for post: f608c65e-234d-4b24-aa3e-b87b961baed9
15:59:57.101 [main] INFO com.socialmedia.instagram.service.MetricsCollectionService -- Using Graph API for post f608c65e-234d-4b24-aa3e-b87b961baed9 (business account)
15:59:57.102 [main] INFO com.socialmedia.instagram.service.MetricsCollectionService -- Successfully collected metrics for post: f608c65e-234d-4b24-aa3e-b87b961baed9. Likes: 2397, Comments: 135, Views: 1, Reach: 227270, Impressions: 149319, Estimated: false
15:59:57.103 [main] INFO com.socialmedia.instagram.service.MetricsCollectionService -- Collecting metrics for post: 5c8b3646-5253-471f-ab60-da555002b4a9
15:59:57.103 [main] INFO com.socialmedia.instagram.service.MetricsCollectionService -- Using Graph API for post 5c8b3646-5253-471f-ab60-da555002b4a9 (business account)
15:59:57.103 [main] INFO com.socialmedia.instagram.service.MetricsCollectionService -- Successfully collected metrics for post: 5c8b3646-5253-471f-ab60-da555002b4a9. Likes: 1, Comments: 236, Views: 51, Reach: 4, Impressions: 510, Estimated: false
15:59:57.106 [main] INFO com.socialmedia.instagram.service.MetricsCollectionService -- Collecting metrics for post: 421a2541-5f10-4ba4-b376-250d4320d7c1
15:59:57.106 [main] INFO com.socialmedia.instagram.service.MetricsCollectionService -- Using Graph API for post 421a2541-5f10-4ba4-b376-250d4320d7c1 (business account)
15:59:57.106 [main] INFO com.socialmedia.instagram.service.MetricsCollectionService -- Successfully collected metrics for post: 421a2541-5f10-4ba4-b376-250d4320d7c1. Likes: 6, Comments: 15, Views: 906, Reach: 583142, Impressions: 765585, Estimated: false
15:59:57.108 [main] INFO com.socialmedia.instagram.service.MetricsCollectionService -- Collecting metrics for post: 9c9b8dfb-925d-48c6-b81e-86fc3d41e2d8
15:59:57.108 [main] INFO com.socialmedia.instagram.service.MetricsCollectionService -- Using Graph API for post 9c9b8dfb-925d-48c6-b81e-86fc3d41e2d8 (business account)
15:59:57.109 [main] INFO com.socialmedia.instagram.service.MetricsCollectionService -- Successfully collected metrics for post: 9c9b8dfb-925d-48c6-b81e-86fc3d41e2d8. Likes: 1, Comments: 0, Views: 0, Reach: 0, Impressions: 0, Estimated: false
15:59:57.113 [main] INFO com.socialmedia.instagram.service.MetricsCollectionService -- Collecting metrics for post: 4829df17-6213-4428-9533-61d3deda0f31
15:59:57.114 [main] INFO com.socialmedia.instagram.service.MetricsCollectionService -- Using Graph API for post 4829df17-6213-4428-9533-61d3deda0f31 (business account)
15:59:57.115 [main] INFO com.socialmedia.instagram.service.MetricsCollectionService -- Successfully collected metrics for post: 4829df17-6213-4428-9533-61d3deda0f31. Likes: 2, Comments: 1, Views: 0, Reach: 0, Impressions: 0, Estimated: false
15:59:57.126 [main] INFO com.socialmedia.instagram.service.MetricsCollectionService -- Collecting metrics for post: 9a6c82f0-704f-480a-9010-f65e10c8252a
15:59:57.127 [main] INFO com.socialmedia.instagram.service.MetricsCollectionService -- Using Graph API for post 9a6c82f0-704f-480a-9010-f65e10c8252a (business account)
15:59:57.128 [main] INFO com.socialmedia.instagram.service.MetricsCollectionService -- Successfully collected metrics for post: 9a6c82f0-704f-480a-9010-f65e10c8252a. Likes: 23311, Comments: 116, Views: 194, Reach: 1200, Impressions: 437, Estimated: false
15:59:57.134 [main] INFO com.socialmedia.instagram.service.MetricsCollectionService -- Collecting metrics for post: 74c716f4-556f-4898-921b-8e54cdc07944
15:59:57.134 [main] INFO com.socialmedia.instagram.service.MetricsCollectionService -- Using Graph API for post 74c716f4-556f-4898-921b-8e54cdc07944 (business account)
15:59:57.135 [main] INFO com.socialmedia.instagram.service.MetricsCollectionService -- Successfully collected metrics for post: 74c716f4-556f-4898-921b-8e54cdc07944. Likes: 661, Comments: 11563, Views: 7645, Reach: 1533, Impressions: 101189, Estimated: false
15:59:57.137 [main] INFO com.socialmedia.instagram.service.MetricsCollectionService -- Collecting metrics for post: de42c3a9-2ae5-41ad-8903-ccff4e9260fc
15:59:57.138 [main] INFO com.socialmedia.instagram.service.MetricsCollectionService -- Using Graph API for post de42c3a9-2ae5-41ad-8903-ccff4e9260fc (business account)
15:59:57.138 [main] INFO com.socialmedia.instagram.service.MetricsCollectionService -- Successfully collected metrics for post: de42c3a9-2ae5-41ad-8903-ccff4e9260fc. Likes: 50, Comments: 249, Views: 26165, Reach: 126, Impressions: 3, Estimated: false
15:59:57.143 [main] INFO com.socialmedia.instagram.service.MetricsCollectionService -- Collecting metrics for post: 6ec47b7d-8224-4837-82f5-80ce840468b0
15:59:57.144 [main] INFO com.socialmedia.instagram.service.MetricsCollectionService -- Using Graph API for post 6ec47b7d-8224-4837-82f5-80ce840468b0 (business account)
15:59:57.144 [main] INFO com.socialmedia.instagram.service.MetricsCollectionService -- Successfully collected metrics for post: 6ec47b7d-8224-4837-82f5-80ce840468b0. Likes: 680, Comments: 44760, Views: 875, Reach: 1, Impressions: 1526, Estimated: false
15:59:57.148 [main] INFO com.socialmedia.instagram.service.MetricsCollectionService -- Collecting metrics for post: 5cf995ab-2397-4417-879f-4a6e80f42d36
15:59:57.149 [main] INFO com.socialmedia.instagram.service.MetricsCollectionService -- Using Graph API for post 5cf995ab-2397-4417-879f-4a6e80f42d36 (business account)
15:59:57.149 [main] INFO com.socialmedia.instagram.service.MetricsCollectionService -- Successfully collected metrics for post: 5cf995ab-2397-4417-879f-4a6e80f42d36. Likes: 1, Comments: 100000, Views: 0, Reach: 0, Impressions: 0, Estimated: false
15:59:57.152 [main] INFO com.socialmedia.instagram.service.MetricsCollectionService -- Collecting metrics for post: a842665d-0cd6-47ae-b710-dcfb25878ae2
15:59:57.152 [main] INFO com.socialmedia.instagram.service.MetricsCollectionService -- Using Graph API for post a842665d-0cd6-47ae-b710-dcfb25878ae2 (business account)
15:59:57.153 [main] INFO com.socialmedia.instagram.service.MetricsCollectionService -- Successfully collected metrics for post: a842665d-0cd6-47ae-b710-dcfb25878ae2. Likes: 0, Comments: 2, Views: 0, Reach: 0, Impressions: 0, Estimated: false
15:59:57.156 [main] INFO com.socialmedia.instagram.service.MetricsCollectionService -- Collecting metrics for post: a99efa7c-37b0-49da-a8c6-0308c8f75a56
15:59:57.156 [main] INFO com.socialmedia.instagram.service.MetricsCollectionService -- Using Graph API for post a99efa7c-37b0-49da-a8c6-0308c8f75a56 (business account)
15:59:57.156 [main] INFO com.socialmedia.instagram.service.MetricsCollectionService -- Successfully collected metrics for post: a99efa7c-37b0-49da-a8c6-0308c8f75a56. Likes: 72, Comments: 367, Views: 9, Reach: 445123, Impressions: 1472601, Estimated: false
15:59:57.158 [main] INFO com.socialmedia.instagram.service.MetricsCollectionService -- Collecting metrics for post: b3930ffc-6d81-4146-99d3-e0f5dd1f0538
15:59:57.158 [main] INFO com.socialmedia.instagram.service.MetricsCollectionService -- Using Graph API for post b3930ffc-6d81-4146-99d3-e0f5dd1f0538 (business account)
15:59:57.158 [main] INFO com.socialmedia.instagram.service.MetricsCollectionService -- Successfully collected metrics for post: b3930ffc-6d81-4146-99d3-e0f5dd1f0538. Likes: 16891, Comments: 25, Views: 83, Reach: 477, Impressions: 10826, Estimated: false
15:59:57.160 [main] INFO com.socialmedia.instagram.service.MetricsCollectionService -- Collecting metrics for post: bb63c412-c2c1-4695-bd39-9fe5de2e3b54
15:59:57.161 [main] INFO com.socialmedia.instagram.service.MetricsCollectionService -- Using Graph API for post bb63c412-c2c1-4695-bd39-9fe5de2e3b54 (business account)
15:59:57.161 [main] INFO com.socialmedia.instagram.service.MetricsCollectionService -- Successfully collected metrics for post: bb63c412-c2c1-4695-bd39-9fe5de2e3b54. Likes: 0, Comments: 99999, Views: 0, Reach: 0, Impressions: 0, Estimated: false
15:59:57.162 [main] INFO com.socialmedia.instagram.service.MetricsCollectionService -- Collecting metrics for post: f50ad7f5-881b-49ce-8eb4-eadd660e43a9
15:59:57.162 [main] INFO com.socialmedia.instagram.service.MetricsCollectionService -- Using Graph API for post f50ad7f5-881b-49ce-8eb4-eadd660e43a9 (business account)
15:59:57.162 [main] INFO com.socialmedia.instagram.service.MetricsCollectionService -- Successfully collected metrics for post: f50ad7f5-881b-49ce-8eb4-eadd660e43a9. Likes: 1, Comments: 2, Views: 0, Reach: 0, Impressions: 0, Estimated: false
15:59:57.164 [main] INFO com.socialmedia.instagram.service.MetricsCollectionService -- Collecting metrics for post: 6cae2b42-c1f6-459d-8f5f-bb13206784ce
15:59:57.164 [main] INFO com.socialmedia.instagram.service.MetricsCollectionService -- Using Graph API for post 6cae2b42-c1f6-459d-8f5f-bb13206784ce (business account)
15:59:57.164 [main] INFO com.socialmedia.instagram.service.MetricsCollectionService -- Successfully collected metrics for post: 6cae2b42-c1f6-459d-8f5f-bb13206784ce. Likes: 10929, Comments: 44736, Views: 1260, Reach: 1937, Impressions: 2937, Estimated: false
15:59:57.165 [main] INFO com.socialmedia.instagram.service.MetricsCollectionService -- Collecting metrics for post: 284a4927-972a-4597-ba8a-0d6781ff0ffc
15:59:57.165 [main] INFO com.socialmedia.instagram.service.MetricsCollectionService -- Using Graph API for post 284a4927-972a-4597-ba8a-0d6781ff0ffc (business account)
15:59:57.165 [main] INFO com.socialmedia.instagram.service.MetricsCollectionService -- Successfully collected metrics for post: 284a4927-972a-4597-ba8a-0d6781ff0ffc. Likes: 1, Comments: 1, Views: 0, Reach: 0, Impressions: 0, Estimated: false
15:59:57.166 [main] INFO com.socialmedia.instagram.service.MetricsCollectionService -- Collecting metrics for post: 13c48603-2401-4958-a4ab-074809abc9c4
15:59:57.167 [main] INFO com.socialmedia.instagram.service.MetricsCollectionService -- Using Graph API for post 13c48603-2401-4958-a4ab-074809abc9c4 (business account)
15:59:57.168 [main] INFO com.socialmedia.instagram.service.MetricsCollectionService -- Successfully collected metrics for post: 13c48603-2401-4958-a4ab-074809abc9c4. Likes: 289, Comments: 34, Views: 28200, Reach: 41702, Impressions: 96, Estimated: false
15:59:57.171 [main] INFO com.socialmedia.instagram.service.MetricsCollectionService -- Collecting metrics for post: 9418b0ba-5502-4044-8a60-d4efdfdf5882
15:59:57.171 [main] INFO com.socialmedia.instagram.service.MetricsCollectionService -- Using Graph API for post 9418b0ba-5502-4044-8a60-d4efdfdf5882 (business account)
15:59:57.171 [main] INFO com.socialmedia.instagram.service.MetricsCollectionService -- Successfully collected metrics for post: 9418b0ba-5502-4044-8a60-d4efdfdf5882. Likes: 45558, Comments: 136, Views: 6, Reach: 1023, Impressions: 3422, Estimated: false
15:59:57.172 [main] INFO com.socialmedia.instagram.service.MetricsCollectionService -- Collecting metrics for post: 506be802-7eb1-4bd7-b218-574d2c63efb5
15:59:57.172 [main] INFO com.socialmedia.instagram.service.MetricsCollectionService -- Using Graph API for post 506be802-7eb1-4bd7-b218-574d2c63efb5 (business account)
15:59:57.173 [main] INFO com.socialmedia.instagram.service.MetricsCollectionService -- Successfully collected metrics for post: 506be802-7eb1-4bd7-b218-574d2c63efb5. Likes: 12, Comments: 3590, Views: 102, Reach: 4374043, Impressions: 338, Estimated: false
15:59:57.174 [main] INFO com.socialmedia.instagram.service.MetricsCollectionService -- Collecting metrics for post: a5ad1fb7-5086-4bd0-97dd-fe162f662ef6
15:59:57.175 [main] INFO com.socialmedia.instagram.service.MetricsCollectionService -- Using Graph API for post a5ad1fb7-5086-4bd0-97dd-fe162f662ef6 (business account)
15:59:57.176 [main] INFO com.socialmedia.instagram.service.MetricsCollectionService -- Successfully collected metrics for post: a5ad1fb7-5086-4bd0-97dd-fe162f662ef6. Likes: 3, Comments: 327, Views: 1728, Reach: 3281366, Impressions: 186, Estimated: false
15:59:57.178 [main] INFO com.socialmedia.instagram.service.MetricsCollectionService -- Collecting metrics for post: dc4d2c5b-a461-4acb-9821-c9c86cf87172
15:59:57.178 [main] INFO com.socialmedia.instagram.service.MetricsCollectionService -- Using Graph API for post dc4d2c5b-a461-4acb-9821-c9c86cf87172 (business account)
15:59:57.178 [main] INFO com.socialmedia.instagram.service.MetricsCollectionService -- Successfully collected metrics for post: dc4d2c5b-a461-4acb-9821-c9c86cf87172. Likes: 0, Comments: 100000, Views: 0, Reach: 0, Impressions: 0, Estimated: false
15:59:57.180 [main] INFO com.socialmedia.instagram.service.MetricsCollectionService -- Collecting metrics for post: 7effa279-3a4b-49e7-bc8d-f0dff43d0848
15:59:57.180 [main] INFO com.socialmedia.instagram.service.MetricsCollectionService -- Using Graph API for post 7effa279-3a4b-49e7-bc8d-f0dff43d0848 (business account)
15:59:57.180 [main] INFO com.socialmedia.instagram.service.MetricsCollectionService -- Successfully collected metrics for post: 7effa279-3a4b-49e7-bc8d-f0dff43d0848. Likes: 999999, Comments: 100000, Views: 0, Reach: 0, Impressions: 0, Estimated: false
15:59:57.183 [main] INFO com.socialmedia.instagram.service.MetricsCollectionService -- Collecting metrics for post: 2f1f0543-4409-46a2-91e9-0f261e000b04
15:59:57.183 [main] INFO com.socialmedia.instagram.service.MetricsCollectionService -- Using Graph API for post 2f1f0543-4409-46a2-91e9-0f261e000b04 (business account)
15:59:57.183 [main] INFO com.socialmedia.instagram.service.MetricsCollectionService -- Successfully collected metrics for post: 2f1f0543-4409-46a2-91e9-0f261e000b04. Likes: 13525, Comments: 886, Views: 2467, Reach: 13871, Impressions: 156020, Estimated: false
15:59:57.185 [main] INFO com.socialmedia.instagram.service.MetricsCollectionService -- Collecting metrics for post: 00e12d33-6fa0-4ad3-98ca-5305b6bc2aef
15:59:57.185 [main] INFO com.socialmedia.instagram.service.MetricsCollectionService -- Using Graph API for post 00e12d33-6fa0-4ad3-98ca-5305b6bc2aef (business account)
15:59:57.185 [main] INFO com.socialmedia.instagram.service.MetricsCollectionService -- Successfully collected metrics for post: 00e12d33-6fa0-4ad3-98ca-5305b6bc2aef. Likes: 1, Comments: 100000, Views: 0, Reach: 0, Impressions: 0, Estimated: false
15:59:57.187 [main] INFO com.socialmedia.instagram.service.MetricsCollectionService -- Collecting metrics for post: 6c941aa6-c5ed-4196-8433-470af39946ce
15:59:57.187 [main] INFO com.socialmedia.instagram.service.MetricsCollectionService -- Using Graph API for post 6c941aa6-c5ed-4196-8433-470af39946ce (business account)
15:59:57.187 [main] INFO com.socialmedia.instagram.service.MetricsCollectionService -- Successfully collected metrics for post: 6c941aa6-c5ed-4196-8433-470af39946ce. Likes: 4, Comments: 2249, Views: 429, Reach: 6, Impressions: 25427, Estimated: false
15:59:57.189 [main] INFO com.socialmedia.instagram.service.MetricsCollectionService -- Collecting metrics for post: af900031-2cea-4757-8d0c-2bc5be135075
15:59:57.189 [main] INFO com.socialmedia.instagram.service.MetricsCollectionService -- Using Graph API for post af900031-2cea-4757-8d0c-2bc5be135075 (business account)
15:59:57.190 [main] INFO com.socialmedia.instagram.service.MetricsCollectionService -- Successfully collected metrics for post: af900031-2cea-4757-8d0c-2bc5be135075. Likes: 0, Comments: 100000, Views: 0, Reach: 0, Impressions: 0, Estimated: false
15:59:57.191 [main] INFO com.socialmedia.instagram.service.MetricsCollectionService -- Collecting metrics for post: 92653df7-e0f2-46a6-8e55-c2fcebbdc95b
15:59:57.191 [main] INFO com.socialmedia.instagram.service.MetricsCollectionService -- Using Graph API for post 92653df7-e0f2-46a6-8e55-c2fcebbdc95b (business account)
15:59:57.191 [main] INFO com.socialmedia.instagram.service.MetricsCollectionService -- Successfully collected metrics for post: 92653df7-e0f2-46a6-8e55-c2fcebbdc95b. Likes: 16103, Comments: 88798, Views: 841240, Reach: 127, Impressions: 74217, Estimated: false
15:59:57.193 [main] INFO com.socialmedia.instagram.service.MetricsCollectionService -- Collecting metrics for post: 1d8ea231-4238-4f74-b32f-18d5ed08e815
15:59:57.193 [main] INFO com.socialmedia.instagram.service.MetricsCollectionService -- Using Graph API for post 1d8ea231-4238-4f74-b32f-18d5ed08e815 (business account)
15:59:57.193 [main] INFO com.socialmedia.instagram.service.MetricsCollectionService -- Successfully collected metrics for post: 1d8ea231-4238-4f74-b32f-18d5ed08e815. Likes: 68, Comments: 24, Views: 1387772, Reach: 436455, Impressions: 2622652, Estimated: false
15:59:57.195 [main] INFO com.socialmedia.instagram.service.MetricsCollectionService -- Collecting metrics for post: 7e3dcb46-117c-4f8b-91ac-932ea5a923e7
15:59:57.195 [main] INFO com.socialmedia.instagram.service.MetricsCollectionService -- Using Graph API for post 7e3dcb46-117c-4f8b-91ac-932ea5a923e7 (business account)
15:59:57.195 [main] INFO com.socialmedia.instagram.service.MetricsCollectionService -- Successfully collected metrics for post: 7e3dcb46-117c-4f8b-91ac-932ea5a923e7. Likes: 0, Comments: 1, Views: 0, Reach: 0, Impressions: 0, Estimated: false
15:59:57.197 [main] INFO com.socialmedia.instagram.service.MetricsCollectionService -- Collecting metrics for post: f6ed97e5-521e-4028-aecb-bbc569166dbd
15:59:57.197 [main] INFO com.socialmedia.instagram.service.MetricsCollectionService -- Using Graph API for post f6ed97e5-521e-4028-aecb-bbc569166dbd (business account)
15:59:57.197 [main] INFO com.socialmedia.instagram.service.MetricsCollectionService -- Successfully collected metrics for post: f6ed97e5-521e-4028-aecb-bbc569166dbd. Likes: 999999, Comments: 100000, Views: 0, Reach: 0, Impressions: 0, Estimated: false
15:59:57.199 [main] INFO com.socialmedia.instagram.service.MetricsCollectionService -- Collecting metrics for post: dc1268e2-0828-43cb-a2a6-7baa26828298
15:59:57.199 [main] INFO com.socialmedia.instagram.service.MetricsCollectionService -- Using Graph API for post dc1268e2-0828-43cb-a2a6-7baa26828298 (business account)
15:59:57.200 [main] INFO com.socialmedia.instagram.service.MetricsCollectionService -- Successfully collected metrics for post: dc1268e2-0828-43cb-a2a6-7baa26828298. Likes: 1171, Comments: 48240, Views: 49, Reach: 787240, Impressions: 246827, Estimated: false
15:59:57.201 [main] INFO com.socialmedia.instagram.service.MetricsCollectionService -- Collecting metrics for post: 05b0dfe6-4f76-4eab-9e01-ffcfb6c2b87c
15:59:57.201 [main] INFO com.socialmedia.instagram.service.MetricsCollectionService -- Using Graph API for post 05b0dfe6-4f76-4eab-9e01-ffcfb6c2b87c (business account)
15:59:57.202 [main] INFO com.socialmedia.instagram.service.MetricsCollectionService -- Successfully collected metrics for post: 05b0dfe6-4f76-4eab-9e01-ffcfb6c2b87c. Likes: 22549, Comments: 354, Views: 10438, Reach: 759469, Impressions: 121, Estimated: false
15:59:57.203 [main] INFO com.socialmedia.instagram.service.MetricsCollectionService -- Collecting metrics for post: 1492efd3-c678-4923-9c44-c36c14d86417
15:59:57.204 [main] INFO com.socialmedia.instagram.service.MetricsCollectionService -- Using Graph API for post 1492efd3-c678-4923-9c44-c36c14d86417 (business account)
15:59:57.204 [main] INFO com.socialmedia.instagram.service.MetricsCollectionService -- Successfully collected metrics for post: 1492efd3-c678-4923-9c44-c36c14d86417. Likes: 3294, Comments: 9914, Views: 25551, Reach: 2106166, Impressions: 29492, Estimated: false
15:59:57.205 [main] INFO com.socialmedia.instagram.service.MetricsCollectionService -- Collecting metrics for post: 90f30601-c20e-4ac4-bc37-23ca6f92e2a3
15:59:57.205 [main] INFO com.socialmedia.instagram.service.MetricsCollectionService -- Using Graph API for post 90f30601-c20e-4ac4-bc37-23ca6f92e2a3 (business account)
15:59:57.206 [main] INFO com.socialmedia.instagram.service.MetricsCollectionService -- Successfully collected metrics for post: 90f30601-c20e-4ac4-bc37-23ca6f92e2a3. Likes: 1, Comments: 99999, Views: 0, Reach: 0, Impressions: 0, Estimated: false
15:59:57.207 [main] INFO com.socialmedia.instagram.service.MetricsCollectionService -- Collecting metrics for post: 19a66ff1-b28e-4e83-9631-4f0cff6cc5cf
15:59:57.207 [main] INFO com.socialmedia.instagram.service.MetricsCollectionService -- Using Graph API for post 19a66ff1-b28e-4e83-9631-4f0cff6cc5cf (business account)
15:59:57.207 [main] INFO com.socialmedia.instagram.service.MetricsCollectionService -- Successfully collected metrics for post: 19a66ff1-b28e-4e83-9631-4f0cff6cc5cf. Likes: 1000000, Comments: 0, Views: 0, Reach: 0, Impressions: 0, Estimated: false
15:59:57.210 [main] INFO com.socialmedia.instagram.service.MetricsCollectionService -- Collecting metrics for post: eebe8031-3e00-4ee6-aa96-ccf9d179c444
15:59:57.211 [main] INFO com.socialmedia.instagram.service.MetricsCollectionService -- Using Graph API for post eebe8031-3e00-4ee6-aa96-ccf9d179c444 (business account)
15:59:57.211 [main] INFO com.socialmedia.instagram.service.MetricsCollectionService -- Successfully collected metrics for post: eebe8031-3e00-4ee6-aa96-ccf9d179c444. Likes: 457, Comments: 7062, Views: 3185, Reach: 706085, Impressions: 9516, Estimated: false
15:59:57.213 [main] INFO com.socialmedia.instagram.service.MetricsCollectionService -- Collecting metrics for post: 03fa649c-1c6b-4fb0-8c1e-872c30e34474
15:59:57.213 [main] INFO com.socialmedia.instagram.service.MetricsCollectionService -- Using Graph API for post 03fa649c-1c6b-4fb0-8c1e-872c30e34474 (business account)
15:59:57.213 [main] INFO com.socialmedia.instagram.service.MetricsCollectionService -- Successfully collected metrics for post: 03fa649c-1c6b-4fb0-8c1e-872c30e34474. Likes: 2, Comments: 2, Views: 0, Reach: 0, Impressions: 0, Estimated: false
15:59:57.215 [main] INFO com.socialmedia.instagram.service.MetricsCollectionService -- Collecting metrics for post: ad4c091e-bb1e-419d-9cb9-4366d87142f9
15:59:57.216 [main] INFO com.socialmedia.instagram.service.MetricsCollectionService -- Using Graph API for post ad4c091e-bb1e-419d-9cb9-4366d87142f9 (business account)
15:59:57.216 [main] INFO com.socialmedia.instagram.service.MetricsCollectionService -- Successfully collected metrics for post: ad4c091e-bb1e-419d-9cb9-4366d87142f9. Likes: 32575, Comments: 93, Views: 46791, Reach: 5, Impressions: 9469, Estimated: false
15:59:57.219 [main] INFO com.socialmedia.instagram.service.MetricsCollectionService -- Collecting metrics for post: 0d657c80-f3a1-43f8-a051-1fcfc57e4c38
15:59:57.219 [main] INFO com.socialmedia.instagram.service.MetricsCollectionService -- Using Graph API for post 0d657c80-f3a1-43f8-a051-1fcfc57e4c38 (business account)
15:59:57.219 [main] INFO com.socialmedia.instagram.service.MetricsCollectionService -- Successfully collected metrics for post: 0d657c80-f3a1-43f8-a051-1fcfc57e4c38. Likes: 678, Comments: 374, Views: 33, Reach: 1305, Impressions: 3042, Estimated: false
15:59:57.220 [main] INFO com.socialmedia.instagram.service.MetricsCollectionService -- Collecting metrics for post: 015920f6-a492-47d9-b30b-08e4673e630a
15:59:57.220 [main] INFO com.socialmedia.instagram.service.MetricsCollectionService -- Using Graph API for post 015920f6-a492-47d9-b30b-08e4673e630a (business account)
15:59:57.221 [main] INFO com.socialmedia.instagram.service.MetricsCollectionService -- Successfully collected metrics for post: 015920f6-a492-47d9-b30b-08e4673e630a. Likes: 6, Comments: 25804, Views: 11386, Reach: 0, Impressions: 9380927, Estimated: false
15:59:57.222 [main] INFO com.socialmedia.instagram.service.MetricsCollectionService -- Collecting metrics for post: 1b3c5d54-212d-4445-a513-1e251e382b6a
15:59:57.223 [main] INFO com.socialmedia.instagram.service.MetricsCollectionService -- Using Graph API for post 1b3c5d54-212d-4445-a513-1e251e382b6a (business account)
15:59:57.223 [main] INFO com.socialmedia.instagram.service.MetricsCollectionService -- Successfully collected metrics for post: 1b3c5d54-212d-4445-a513-1e251e382b6a. Likes: 1348, Comments: 4, Views: 45, Reach: 36, Impressions: 13, Estimated: false
15:59:57.226 [main] INFO com.socialmedia.instagram.service.MetricsCollectionService -- Collecting metrics for post: 81286957-525c-4843-ac86-5ea85c889ab1
15:59:57.226 [main] INFO com.socialmedia.instagram.service.MetricsCollectionService -- Using Graph API for post 81286957-525c-4843-ac86-5ea85c889ab1 (business account)
15:59:57.226 [main] INFO com.socialmedia.instagram.service.MetricsCollectionService -- Successfully collected metrics for post: 81286957-525c-4843-ac86-5ea85c889ab1. Likes: 6, Comments: 35008, Views: 87590, Reach: 74, Impressions: 13, Estimated: false
15:59:57.227 [main] INFO com.socialmedia.instagram.service.MetricsCollectionService -- Collecting metrics for post: 2b999fc6-46b1-4f93-ac2c-df89a879825a
15:59:57.228 [main] INFO com.socialmedia.instagram.service.MetricsCollectionService -- Using Graph API for post 2b999fc6-46b1-4f93-ac2c-df89a879825a (business account)
15:59:57.228 [main] INFO com.socialmedia.instagram.service.MetricsCollectionService -- Successfully collected metrics for post: 2b999fc6-46b1-4f93-ac2c-df89a879825a. Likes: 49, Comments: 1459, Views: 505, Reach: 10, Impressions: 368, Estimated: false
15:59:57.229 [main] INFO com.socialmedia.instagram.service.MetricsCollectionService -- Collecting metrics for post: 5336f44a-324d-4ad7-8c6d-b4daa6b17a80
15:59:57.229 [main] INFO com.socialmedia.instagram.service.MetricsCollectionService -- Using Graph API for post 5336f44a-324d-4ad7-8c6d-b4daa6b17a80 (business account)
15:59:57.229 [main] INFO com.socialmedia.instagram.service.MetricsCollectionService -- Successfully collected metrics for post: 5336f44a-324d-4ad7-8c6d-b4daa6b17a80. Likes: 128002, Comments: 12, Views: 897841, Reach: 3, Impressions: 106, Estimated: false
15:59:57.232 [main] INFO com.socialmedia.instagram.service.MetricsCollectionService -- Collecting metrics for post: 6b455a36-67ae-482d-9d05-748d7d4193ae
15:59:57.232 [main] INFO com.socialmedia.instagram.service.MetricsCollectionService -- Using Graph API for post 6b455a36-67ae-482d-9d05-748d7d4193ae (business account)
15:59:57.233 [main] INFO com.socialmedia.instagram.service.MetricsCollectionService -- Successfully collected metrics for post: 6b455a36-67ae-482d-9d05-748d7d4193ae. Likes: 21, Comments: 73, Views: 7195538, Reach: 45782, Impressions: 5, Estimated: false
15:59:57.234 [main] INFO com.socialmedia.instagram.service.MetricsCollectionService -- Collecting metrics for post: 7e2222f9-9cc9-4dd8-a4ac-5e18eb1fd76e
15:59:57.234 [main] INFO com.socialmedia.instagram.service.MetricsCollectionService -- Using Graph API for post 7e2222f9-9cc9-4dd8-a4ac-5e18eb1fd76e (business account)
15:59:57.235 [main] INFO com.socialmedia.instagram.service.MetricsCollectionService -- Successfully collected metrics for post: 7e2222f9-9cc9-4dd8-a4ac-5e18eb1fd76e. Likes: 13, Comments: 25240, Views: 7163, Reach: 412194, Impressions: 34, Estimated: false
15:59:57.237 [main] INFO com.socialmedia.instagram.service.MetricsCollectionService -- Collecting metrics for post: b16e291c-e267-4305-82e5-24a8b7c1b417
15:59:57.238 [main] INFO com.socialmedia.instagram.service.MetricsCollectionService -- Using Graph API for post b16e291c-e267-4305-82e5-24a8b7c1b417 (business account)
15:59:57.238 [main] INFO com.socialmedia.instagram.service.MetricsCollectionService -- Successfully collected metrics for post: b16e291c-e267-4305-82e5-24a8b7c1b417. Likes: 579, Comments: 67566, Views: 321, Reach: 158, Impressions: 106, Estimated: false
15:59:57.240 [main] INFO com.socialmedia.instagram.service.MetricsCollectionService -- Collecting metrics for post: 3a026c3b-e0d0-4f5c-96ec-0168d656288f
15:59:57.240 [main] INFO com.socialmedia.instagram.service.MetricsCollectionService -- Using Graph API for post 3a026c3b-e0d0-4f5c-96ec-0168d656288f (business account)
15:59:57.240 [main] INFO com.socialmedia.instagram.service.MetricsCollectionService -- Successfully collected metrics for post: 3a026c3b-e0d0-4f5c-96ec-0168d656288f. Likes: 0, Comments: 100000, Views: 0, Reach: 0, Impressions: 0, Estimated: false
15:59:57.241 [main] INFO com.socialmedia.instagram.service.MetricsCollectionService -- Collecting metrics for post: 25c7ce64-de9e-44b0-b324-25e73f654787
15:59:57.241 [main] INFO com.socialmedia.instagram.service.MetricsCollectionService -- Using Graph API for post 25c7ce64-de9e-44b0-b324-25e73f654787 (business account)
15:59:57.241 [main] INFO com.socialmedia.instagram.service.MetricsCollectionService -- Successfully collected metrics for post: 25c7ce64-de9e-44b0-b324-25e73f654787. Likes: 1000000, Comments: 2, Views: 0, Reach: 0, Impressions: 0, Estimated: false
15:59:57.242 [main] INFO com.socialmedia.instagram.service.MetricsCollectionService -- Collecting metrics for post: be749ffb-6aad-4d8b-aea7-7ce183375efc
15:59:57.242 [main] INFO com.socialmedia.instagram.service.MetricsCollectionService -- Using Graph API for post be749ffb-6aad-4d8b-aea7-7ce183375efc (business account)
15:59:57.242 [main] INFO com.socialmedia.instagram.service.MetricsCollectionService -- Successfully collected metrics for post: be749ffb-6aad-4d8b-aea7-7ce183375efc. Likes: 5514, Comments: 41, Views: 212496, Reach: 40, Impressions: 143, Estimated: false
15:59:57.242 [main] INFO com.socialmedia.instagram.service.MetricsCollectionService -- Collecting metrics for post: 719c8278-4898-4d1f-84d7-1c68b70f021b
15:59:57.242 [main] INFO com.socialmedia.instagram.service.MetricsCollectionService -- Using Graph API for post 719c8278-4898-4d1f-84d7-1c68b70f021b (business account)
15:59:57.242 [main] INFO com.socialmedia.instagram.service.MetricsCollectionService -- Successfully collected metrics for post: 719c8278-4898-4d1f-84d7-1c68b70f021b. Likes: 1000000, Comments: 1, Views: 0, Reach: 0, Impressions: 0, Estimated: false
15:59:57.244 [main] INFO com.socialmedia.instagram.service.MetricsCollectionService -- Collecting metrics for post: bc1dbc31-6711-4e52-95ed-bc20eaa1122a
15:59:57.244 [main] INFO com.socialmedia.instagram.service.MetricsCollectionService -- Using Graph API for post bc1dbc31-6711-4e52-95ed-bc20eaa1122a (business account)
15:59:57.245 [main] INFO com.socialmedia.instagram.service.MetricsCollectionService -- Successfully collected metrics for post: bc1dbc31-6711-4e52-95ed-bc20eaa1122a. Likes: 999999, Comments: 100000, Views: 0, Reach: 0, Impressions: 0, Estimated: false
15:59:57.246 [main] INFO com.socialmedia.instagram.service.MetricsCollectionService -- Collecting metrics for post: 5d4a4d91-c024-4eea-b7c3-ff7284ef961b
15:59:57.247 [main] INFO com.socialmedia.instagram.service.MetricsCollectionService -- Using Graph API for post 5d4a4d91-c024-4eea-b7c3-ff7284ef961b (business account)
15:59:57.247 [main] INFO com.socialmedia.instagram.service.MetricsCollectionService -- Successfully collected metrics for post: 5d4a4d91-c024-4eea-b7c3-ff7284ef961b. Likes: 28955, Comments: 7115, Views: 7689, Reach: 60, Impressions: 683, Estimated: false
15:59:57.248 [main] INFO com.socialmedia.instagram.service.MetricsCollectionService -- Collecting metrics for post: a8850dd0-3b99-400c-b425-3d7f5ccacaa5
15:59:57.248 [main] INFO com.socialmedia.instagram.service.MetricsCollectionService -- Using Graph API for post a8850dd0-3b99-400c-b425-3d7f5ccacaa5 (business account)
15:59:57.248 [main] INFO com.socialmedia.instagram.service.MetricsCollectionService -- Successfully collected metrics for post: a8850dd0-3b99-400c-b425-3d7f5ccacaa5. Likes: 142422, Comments: 12, Views: 22, Reach: 83, Impressions: 188, Estimated: false
15:59:57.249 [main] INFO com.socialmedia.instagram.service.MetricsCollectionService -- Collecting metrics for post: 6c0bf5d3-a057-4e66-af2a-864218449e1b
15:59:57.250 [main] INFO com.socialmedia.instagram.service.MetricsCollectionService -- Using Graph API for post 6c0bf5d3-a057-4e66-af2a-864218449e1b (business account)
15:59:57.250 [main] INFO com.socialmedia.instagram.service.MetricsCollectionService -- Successfully collected metrics for post: 6c0bf5d3-a057-4e66-af2a-864218449e1b. Likes: 2, Comments: 1, Views: 0, Reach: 0, Impressions: 0, Estimated: false
15:59:57.252 [main] INFO com.socialmedia.instagram.service.MetricsCollectionService -- Collecting metrics for post: f47dc1b3-b91c-43d6-bae7-d063174fbfe4
15:59:57.252 [main] INFO com.socialmedia.instagram.service.MetricsCollectionService -- Using Graph API for post f47dc1b3-b91c-43d6-bae7-d063174fbfe4 (business account)
15:59:57.253 [main] INFO com.socialmedia.instagram.service.MetricsCollectionService -- Successfully collected metrics for post: f47dc1b3-b91c-43d6-bae7-d063174fbfe4. Likes: 71847, Comments: 7748, Views: 54088, Reach: 2627, Impressions: 17058, Estimated: false
15:59:57.254 [main] INFO com.socialmedia.instagram.service.MetricsCollectionService -- Collecting metrics for post: 5fbb816b-e701-42b3-970e-b5ded56e1871
15:59:57.254 [main] INFO com.socialmedia.instagram.service.MetricsCollectionService -- Using Graph API for post 5fbb816b-e701-42b3-970e-b5ded56e1871 (business account)
15:59:57.254 [main] INFO com.socialmedia.instagram.service.MetricsCollectionService -- Successfully collected metrics for post: 5fbb816b-e701-42b3-970e-b5ded56e1871. Likes: 12, Comments: 30, Views: 74190, Reach: 3470, Impressions: 8033, Estimated: false
timestamp = 2026-06-12T15:59:57.270131600, MetricsCollectionServicePropertyTest:Property 19: Graph API Metrics Not Estimated = 
                              |-----------------------jqwik-----------------------
tries = 100                   | # of calls to property
checks = 100                  | # of not rejected calls
generation = RANDOMIZED       | parameters are randomly generated
after-failure = SAMPLE_FIRST  | try previously failed sample, then previous seed
when-fixed-seed = ALLOW       | fixing the random seed is allowed
edge-cases#mode = MIXIN       | edge cases are mixed in
edge-cases#total = 100        | # of all combined edge cases
edge-cases#tried = 18         | # of edge cases tried in current run
seed = 8781816287467015959    | random seed to reproduce generated values


]]></system-out>
    <system-err><![CDATA[Jun 12, 2026 3:59:55 PM net.jqwik.engine.properties.RandomizedShrinkablesGenerator logEdgeCasesOutnumberTriesIfApplicable
INFO: Edge case generation exceeds number of tries. Stopped after 100 generated cases.
Jun 12, 2026 3:59:55 PM net.jqwik.engine.execution.AfterFailureParametersGenerator logAfterFailureHandling
INFO: After Failure Handling: SAMPLE_FIRST, Previous Generation: <GenerationInfo(8781816287467015959, 1, [])>
WARNING: A Java agent has been loaded dynamically (C:\Users\swara\.m2\repository\net\bytebuddy\byte-buddy-agent\1.14.10\byte-buddy-agent-1.14.10.jar)
WARNING: If a serviceability tool is in use, please run with -XX:+EnableDynamicAgentLoading to hide this warning
WARNING: If a serviceability tool is not in use, please run with -Djdk.instrument.traceUsage for more information
WARNING: Dynamic loading of agents will be disallowed by default in a future release
]]></system-err>
  </testcase>
</testsuite>